<?xml version="1.0" encoding="UTF-8"?>
<!-- Generated by org.testng.reporters.JUnitReportReporter -->
<testsuite hostname="Sahabaj-Ahammed" failures="0" tests="15" name="testNgFlags.Flag7" time="0.051" errors="0" timestamp="2023-05-27T09:33:55 IST" skipped="0">
  <testcase classname="testNgFlags.Flag7" name="ETc1" time="0.019"/>
  <system-out>
    <![CDATA[ETC1 ]]>
  </system-out>
  <testcase classname="testNgFlags.Flag7" name="reg" time="0.002"/>
  <system-out>
    <![CDATA[reg ]]>
  </system-out>
  <testcase classname="testNgFlags.Flag7" name="int3" time="0.002"/>
  <system-out>
    <![CDATA[ITC3 ]]>
  </system-out>
  <testcase classname="testNgFlags.Flag7" name="ftc1" time="0.002"/>
  <system-out>
    <![CDATA[Ftc ]]>
  </system-out>
  <testcase classname="testNgFlags.Flag7" name="int2" time="0.002"/>
  <system-out>
    <![CDATA[ITC2 ]]>
  </system-out>
  <testcase classname="testNgFlags.Flag7" name="ETc2" time="0.004"/>
  <system-out>
    <![CDATA[ETC2 ]]>
  </system-out>
  <testcase classname="testNgFlags.Flag7" name="int1" time="0.002"/>
  <system-out>
    <![CDATA[ITC1 ]]>
  </system-out>
  <testcase classname="testNgFlags.Flag7" name="stc3" time="0.001"/>
  <system-out>
    <![CDATA[stc3]]>
  </system-out>
  <testcase classname="testNgFlags.Flag7" name="ftc3" time="0.001"/>
  <system-out>
    <![CDATA[Ft3 ]]>
  </system-out>
  <testcase classname="testNgFlags.Flag7" name="reg2" time="0.003"/>
  <system-out>
    <![CDATA[reg2 ]]>
  </system-out>
  <testcase classname="testNgFlags.Flag7" name="stc1" time="0.002"/>
  <system-out>
    <![CDATA[stc1]]>
  </system-out>
  <testcase classname="testNgFlags.Flag7" name="ftc2" time="0.003"/>
  <system-out>
    <![CDATA[Ftc2 ]]>
  </system-out>
  <testcase classname="testNgFlags.Flag7" name="reg3" time="0.003"/>
  <system-out>
    <![CDATA[reg3 ]]>
  </system-out>
  <testcase classname="testNgFlags.Flag7" name="ETc3" time="0.003"/>
  <system-out>
    <![CDATA[ETC3 ]]>
  </system-out>
  <testcase classname="testNgFlags.Flag7" name="stc2" time="0.002"/>
  <system-out>
    <![CDATA[stc2]]>
  </system-out>
</testsuite> <!-- testNgFlags.Flag7 -->
