<?xml version="1.0" encoding="UTF-8"?>
<!-- Generated by org.testng.reporters.JUnitReportReporter -->
<testsuite hostname="LAPTOP-7PBB867A" failures="0" tests="3" name="testNgFlags.Flag5" time="0.017" errors="0" timestamp="2023-05-26T10:53:36 IST" skipped="0">
  <testcase classname="testNgFlags.Flag5" name="loginmethod" time="0.002"/>
  <system-out>
    <![CDATA[Login perform]]>
  </system-out>
  <testcase classname="testNgFlags.Flag5" name="logOutmethod" time="0.001"/>
  <system-out>
    <![CDATA[logout perform]]>
  </system-out>
  <testcase classname="testNgFlags.Flag5" name="createUserMethod" time="0.014"/>
  <system-out>
    <![CDATA[user created]]>
  </system-out>
</testsuite> <!-- testNgFlags.Flag5 -->
