<?xml version="1.0" encoding="UTF-8"?>
<!-- Generated by org.testng.reporters.JUnitReportReporter -->
<testsuite hostname="LAPTOP-7PBB867A" failures="0" tests="1" name="testNgFlags.Flag1" time="0.036" errors="0" timestamp="2023-05-26T09:52:49 IST" skipped="0">
  <testcase classname="testNgFlags.Flag1" name="method1" time="0.036"/>
  <system-out>
    <![CDATA[Method 1 Login!!]]>
  </system-out>
</testsuite> <!-- testNgFlags.Flag1 -->
