<?xml version="1.0" encoding="UTF-8"?>
<!-- Generated by org.testng.reporters.JUnitReportReporter -->
<testsuite hostname="LAPTOP-7PBB867A" failures="0" tests="2" name="testNgFlags.Flag2" time="0.015" errors="0" timestamp="2023-05-26T10:09:45 IST" skipped="1">
  <testcase classname="testNgFlags.Flag2" name="method2" time="0.015"/>
  <system-out>
    <![CDATA[logout performed!!]]>
  </system-out>
  <testcase classname="testNgFlags.Flag2" name="method1">
    <skipped/>
  </testcase> <!-- method1 -->
  <system-out/>
</testsuite> <!-- testNgFlags.Flag2 -->
