<?xml version="1.0" encoding="UTF-8"?>
<!-- Generated by org.testng.reporters.JUnitReportReporter -->
<testsuite hostname="LAPTOP-7PBB867A" failures="0" tests="1" name="testngParameter.parameterTest2" time="0.002" errors="0" timestamp="2023-05-26T21:23:00 IST" skipped="0">
  <testcase classname="testngParameter.parameterTest2" name="Testcas2" time="0.002"/>
  <system-out/>
</testsuite> <!-- testngParameter.parameterTest2 -->
