<?xml version="1.0" encoding="UTF-8"?>
<!-- Generated by org.testng.reporters.JUnitReportReporter -->
<testsuite hostname="LAPTOP-7PBB867A" failures="0" tests="10" name="testNgFlags.Flag3" time="0.029" errors="0" timestamp="2023-05-26T10:21:07 IST" skipped="0">
  <testcase classname="testNgFlags.Flag3" name="method1" time="0.002"/>
  <system-out>
    <![CDATA[login test case ]]>
  </system-out>
  <testcase classname="testNgFlags.Flag3" name="method1" time="0.002"/>
  <system-out>
    <![CDATA[login test case ]]>
  </system-out>
  <testcase classname="testNgFlags.Flag3" name="method1" time="0.001"/>
  <system-out>
    <![CDATA[login test case ]]>
  </system-out>
  <testcase classname="testNgFlags.Flag3" name="method1" time="0.002"/>
  <system-out>
    <![CDATA[login test case ]]>
  </system-out>
  <testcase classname="testNgFlags.Flag3" name="method1" time="0.002"/>
  <system-out>
    <![CDATA[login test case ]]>
  </system-out>
  <testcase classname="testNgFlags.Flag3" name="method1" time="0.001"/>
  <system-out>
    <![CDATA[login test case ]]>
  </system-out>
  <testcase classname="testNgFlags.Flag3" name="method1" time="0.002"/>
  <system-out>
    <![CDATA[login test case ]]>
  </system-out>
  <testcase classname="testNgFlags.Flag3" name="method1" time="0.014"/>
  <system-out>
    <![CDATA[login test case ]]>
  </system-out>
  <testcase classname="testNgFlags.Flag3" name="method1" time="0.002"/>
  <system-out>
    <![CDATA[login test case ]]>
  </system-out>
  <testcase classname="testNgFlags.Flag3" name="method1" time="0.001"/>
  <system-out>
    <![CDATA[login test case ]]>
  </system-out>
</testsuite> <!-- testNgFlags.Flag3 -->
