<?xml version="1.0" encoding="UTF-8"?>
<!-- Generated by org.testng.reporters.JUnitReportReporter -->
<testsuite hostname="LAPTOP-7PBB867A" failures="0" tests="7" name="testNgFlags.Flag4" time="0.019" errors="0" timestamp="2023-05-26T11:53:47 IST" skipped="0">
  <testcase classname="testNgFlags.Flag4" name="Method2" time="0.011"/>
  <system-out>
    <![CDATA[method2]]>
  </system-out>
  <testcase classname="testNgFlags.Flag4" name="Method1" time="0.001"/>
  <system-out>
    <![CDATA[method1]]>
  </system-out>
  <testcase classname="testNgFlags.Flag4" name="Method5" time="0.001"/>
  <system-out>
    <![CDATA[method5]]>
  </system-out>
  <testcase classname="testNgFlags.Flag4" name="Method6" time="0.001"/>
  <system-out>
    <![CDATA[method6]]>
  </system-out>
  <testcase classname="testNgFlags.Flag4" name="Method3" time="0.002"/>
  <system-out>
    <![CDATA[method3]]>
  </system-out>
  <testcase classname="testNgFlags.Flag4" name="Method4" time="0.001"/>
  <system-out>
    <![CDATA[method4]]>
  </system-out>
  <testcase classname="testNgFlags.Flag4" name="Method7" time="0.002"/>
  <system-out>
    <![CDATA[method7]]>
  </system-out>
</testsuite> <!-- testNgFlags.Flag4 -->
