<?xml version="1.0" encoding="UTF-8"?>
<!-- Generated by org.testng.reporters.JUnitReportReporter -->
<testsuite hostname="LAPTOP-7PBB867A" failures="0" tests="2" name="testNGpackage.Add" time="0.005" errors="0" timestamp="2023-05-22T11:02:06 IST" skipped="0">
  <testcase classname="testNGpackage.Add" name="add" time="0.003"/>
  <system-out/>
  <testcase classname="testNGpackage.Add" name="sub" time="0.002"/>
  <system-out/>
</testsuite> <!-- testNGpackage.Add -->
