<?xml version="1.0" encoding="UTF-8"?>
<!-- Generated by org.testng.reporters.JUnitReportReporter -->
<testsuite hostname="LAPTOP-7PBB867A" failures="0" tests="4" name="testNGAnnotations.Amazone" time="139.910" errors="0" timestamp="2023-05-24T09:56:00 IST" skipped="0">
  <testcase classname="testNGAnnotations.Amazone" name="formFil" time="24.395"/>
  <system-out>
    <![CDATA[Babywishlist pass]]>
  </system-out>
  <testcase classname="testNGAnnotations.Amazone" name="mouseOverAction" time="85.381"/>
  <system-out>
    <![CDATA[moveActions pass]]>
  </system-out>
  <testcase classname="testNGAnnotations.Amazone" name="babyWishlist" time="17.216"/>
  <system-out>
    <![CDATA[Babywishlist pass]]>
  </system-out>
  <testcase classname="testNGAnnotations.Amazone" name="amazoneSearch" time="12.918"/>
  <system-out>
    <![CDATA[amazone test case pass]]>
  </system-out>
</testsuite> <!-- testNGAnnotations.Amazone -->
