<?xml version="1.0" encoding="UTF-8"?>
<!-- Generated by org.testng.reporters.JUnitReportReporter -->
<testsuite hostname="LAPTOP-7PBB867A" failures="0" tests="3" name="testNGAnnotations.GoogleSearch" time="27.347" errors="0" timestamp="2023-05-23T13:08:21 IST" skipped="0">
  <testcase classname="testNGAnnotations.GoogleSearch" name="Search1" time="8.747"/>
  <system-out/>
  <testcase classname="testNGAnnotations.GoogleSearch" name="Search3" time="9.124"/>
  <system-out/>
  <testcase classname="testNGAnnotations.GoogleSearch" name="Search2" time="9.476"/>
  <system-out/>
</testsuite> <!-- testNGAnnotations.GoogleSearch -->
