<?xml version="1.0" encoding="UTF-8"?>
<!-- Generated by org.testng.reporters.JUnitReportReporter -->
<testsuite hostname="LAPTOP-7PBB867A" failures="0" tests="1" name="com.locator.TestNg" time="0.010" errors="0" timestamp="2023-05-18T21:08:40 IST" skipped="0">
  <testcase classname="com.locator.TestNg" name="abc" time="0.010"/>
  <system-out/>
</testsuite> <!-- com.locator.TestNg -->
