<?xml version="1.0" encoding="UTF-8"?>
<!-- Generated by org.testng.reporters.JUnitReportReporter -->
<testsuite hostname="LAPTOP-7PBB867A" failures="0" tests="2" name="testNGpackage.Bike" time="0.019" errors="0" timestamp="2023-05-23T09:58:59 IST" skipped="0">
  <testcase classname="testNGpackage.Bike" name="bikeStart" time="0.002"/>
  <system-out>
    <![CDATA[ Bike are start]]>
  </system-out>
  <testcase classname="testNGpackage.Bike" name="bikeSop" time="0.017"/>
  <system-out/>
</testsuite> <!-- testNGpackage.Bike -->
