<?xml version="1.0" encoding="UTF-8"?>
<!-- Generated by org.testng.reporters.JUnitReportReporter -->
<testsuite hostname="LAPTOP-7PBB867A" failures="0" tests="1" name="testngParameter.ParameterTest" time="0.009" errors="0" timestamp="2023-05-26T21:23:00 IST" skipped="0">
  <testcase classname="testngParameter.ParameterTest" name="tstcase1" time="0.009"/>
  <system-out/>
</testsuite> <!-- testngParameter.ParameterTest -->
