<?xml version="1.0" encoding="UTF-8"?>
<!-- Generated by org.testng.reporters.JUnitReportReporter -->
<testsuite hostname="LAPTOP-7PBB867A" failures="0" tests="1" name="assignment.Partice" time="0.013" errors="0" timestamp="2023-05-19T09:12:45 IST" skipped="0">
  <testcase classname="assignment.Partice" name="f" time="0.013"/>
  <system-out/>
</testsuite> <!-- assignment.Partice -->
