<?xml version="1.0" encoding="UTF-8"?>
<!-- Generated by org.testng.reporters.JUnitReportReporter -->
<testsuite hostname="LAPTOP-7PBB867A" failures="0" tests="2" name="testNGpackage.Vehicle" time="0.015" errors="0" timestamp="2023-05-23T09:53:44 IST" skipped="0">
  <testcase classname="testNGpackage.Vehicle" name="Stop" time="0.002"/>
  <system-out/>
  <testcase classname="testNGpackage.Vehicle" name="Start" time="0.013"/>
  <system-out/>
</testsuite> <!-- testNGpackage.Vehicle -->
