<?xml version="1.0" encoding="UTF-8"?>
<!-- Generated by org.testng.reporters.JUnitReportReporter -->
<testsuite hostname="Sahabaj-Ahammed" failures="0" tests="1" name="com.testcase.TC_01_SHPSTK_LOGIN" time="13.875" errors="0" timestamp="2023-06-04T12:27:38 IST" skipped="0">
  <testcase classname="com.testcase.TC_01_SHPSTK_LOGIN" name="VerifyUserShouldBeAbleToLogin" time="13.875"/>
  <system-out/>
</testsuite> <!-- com.testcase.TC_01_SHPSTK_LOGIN -->
